# JRE version: Java(TM) SE Runtime Environment (8.0_73-b02) (build 1.8.0_73-b02)
# Java VM: Java HotSpot(TM) 64-Bit Server VM (25.73-b02 mixed mode windows-amd64 compressed oops)
Heap:
 PSYoungGen      total 957440K, used 483390K [0x000000076b180000, 0x00000007af380000, 0x00000007c0000000)
  eden space 946176K, 51% used [0x000000076b180000,0x000000078897fb08,0x00000007a4d80000)
  from space 11264K, 0% used [0x00000007a4d80000,0x00000007a4d90000,0x00000007a5880000)
  to   space 11264K, 0% used [0x00000007ae880000,0x00000007ae880000,0x00000007af380000)
 ParOldGen       total 359424K, used 109417K [0x00000006c1400000, 0x00000006d7300000, 0x000000076b180000)
  object space 359424K, 30% used [0x00000006c1400000,0x00000006c7eda678,0x00000006d7300000)
 Metaspace       used 28355K, capacity 28596K, committed 28928K, reserved 1075200K
  class space    used 3192K, capacity 3288K, committed 3328K, reserved 1048576K
GC Heap History (10 events):
Event: 53.668 GC heap before
{Heap before GC invocations=31 (full 2):
 PSYoungGen      total 784384K, used 1184K [0x000000076b180000, 0x00000007a0700000, 0x00000007c0000000)
  eden space 772096K, 0% used [0x000000076b180000,0x000000076b180000,0x000000079a380000)
  from space 12288K, 9% used [0x000000079a380000,0x000000079a4a8390,0x000000079af80000)
  to   space 12288K, 0% used [0x000000079fb00000,0x000000079fb00000,0x00000007a0700000)
 ParOldGen       total 416768K, used 326940K [0x00000006c1400000, 0x00000006dab00000, 0x000000076b180000)
  object space 416768K, 78% used [0x00000006c1400000,0x00000006d53470a8,0x00000006dab00000)
 Metaspace       used 28266K, capacity 28468K, committed 28928K, reserved 1075200K
  class space    used 3187K, capacity 3288K, committed 3328K, reserved 1048576K
Event: 53.713 GC heap after
Heap after GC invocations=31 (full 2):
 PSYoungGen      total 784384K, used 0K [0x000000076b180000, 0x00000007a0700000, 0x00000007c0000000)
  eden space 772096K, 0% used [0x000000076b180000,0x000000076b180000,0x000000079a380000)
  from space 12288K, 0% used [0x000000079a380000,0x000000079a380000,0x000000079af80000)
  to   space 12288K, 0% used [0x000000079fb00000,0x000000079fb00000,0x00000007a0700000)
 ParOldGen       total 359424K, used 109417K [0x00000006c1400000, 0x00000006d7300000, 0x000000076b180000)
  object space 359424K, 30% used [0x00000006c1400000,0x00000006c7eda678,0x00000006d7300000)
 Metaspace       used 28266K, capacity 28468K, committed 28928K, reserved 1075200K
  class space    used 3187K, capacity 3288K, committed 3328K, reserved 1048576K
}
Event: 54.429 GC heap before
{Heap before GC invocations=32 (full 2):
 PSYoungGen      total 784384K, used 772096K [0x000000076b180000, 0x00000007a0700000, 0x00000007c0000000)
  eden space 772096K, 100% used [0x000000076b180000,0x000000079a380000,0x000000079a380000)
  from space 12288K, 0% used [0x000000079a380000,0x000000079a380000,0x000000079af80000)
  to   space 12288K, 0% used [0x000000079fb00000,0x000000079fb00000,0x00000007a0700000)
 ParOldGen       total 359424K, used 109417K [0x00000006c1400000, 0x00000006d7300000, 0x000000076b180000)
  object space 359424K, 30% used [0x00000006c1400000,0x00000006c7eda678,0x00000006d7300000)
 Metaspace       used 28266K, capacity 28468K, committed 28928K, reserved 1075200K
  class space    used 3187K, capacity 3288K, committed 3328K, reserved 1048576K
Event: 54.430 GC heap after
Heap after GC invocations=32 (full 2):
 PSYoungGen      total 862208K, used 96K [0x000000076b180000, 0x00000007a1b00000, 0x00000007c0000000)
  eden space 849920K, 0% used [0x000000076b180000,0x000000076b180000,0x000000079ef80000)
  from space 12288K, 0% used [0x000000079fb00000,0x000000079fb18000,0x00000007a0700000)
  to   space 11776K, 0% used [0x000000079ef80000,0x000000079ef80000,0x000000079fb00000)
 ParOldGen       total 359424K, used 109417K [0x00000006c1400000, 0x00000006d7300000, 0x000000076b180000)
  object space 359424K, 30% used [0x00000006c1400000,0x00000006c7eda678,0x00000006d7300000)
 Metaspace       used 28266K, capacity 28468K, committed 28928K, reserved 1075200K
  class space    used 3187K, capacity 3288K, committed 3328K, reserved 1048576K
}
Event: 55.178 GC heap before
{Heap before GC invocations=33 (full 2):
 PSYoungGen      total 862208K, used 850016K [0x000000076b180000, 0x00000007a1b00000, 0x00000007c0000000)
  eden space 849920K, 100% used [0x000000076b180000,0x000000079ef80000,0x000000079ef80000)
  from space 12288K, 0% used [0x000000079fb00000,0x000000079fb18000,0x00000007a0700000)
  to   space 11776K, 0% used [0x000000079ef80000,0x000000079ef80000,0x000000079fb00000)
 ParOldGen       total 359424K, used 109417K [0x00000006c1400000, 0x00000006d7300000, 0x000000076b180000)
  object space 359424K, 30% used [0x00000006c1400000,0x00000006c7eda678,0x00000006d7300000)
 Metaspace       used 28266K, capacity 28468K, committed 28928K, reserved 1075200K
  class space    used 3187K, capacity 3288K, committed 3328K, reserved 1048576K
Event: 55.179 GC heap after
Heap after GC invocations=33 (full 2):
 PSYoungGen      total 861696K, used 96K [0x000000076b180000, 0x00000007a6400000, 0x00000007c0000000)
  eden space 849920K, 0% used [0x000000076b180000,0x000000076b180000,0x000000079ef80000)
  from space 11776K, 0% used [0x000000079ef80000,0x000000079ef98000,0x000000079fb00000)
  to   space 11776K, 0% used [0x00000007a5880000,0x00000007a5880000,0x00000007a6400000)
 ParOldGen       total 359424K, used 109417K [0x00000006c1400000, 0x00000006d7300000, 0x000000076b180000)
  object space 359424K, 30% used [0x00000006c1400000,0x00000006c7eda678,0x00000006d7300000)
 Metaspace       used 28266K, capacity 28468K, committed 28928K, reserved 1075200K
  class space    used 3187K, capacity 3288K, committed 3328K, reserved 1048576K
}
Event: 55.926 GC heap before
{Heap before GC invocations=34 (full 2):
 PSYoungGen      total 861696K, used 850016K [0x000000076b180000, 0x00000007a6400000, 0x00000007c0000000)
  eden space 849920K, 100% used [0x000000076b180000,0x000000079ef80000,0x000000079ef80000)
  from space 11776K, 0% used [0x000000079ef80000,0x000000079ef98000,0x000000079fb00000)
  to   space 11776K, 0% used [0x00000007a5880000,0x00000007a5880000,0x00000007a6400000)
 ParOldGen       total 359424K, used 109417K [0x00000006c1400000, 0x00000006d7300000, 0x000000076b180000)
  object space 359424K, 30% used [0x00000006c1400000,0x00000006c7eda678,0x00000006d7300000)
 Metaspace       used 28266K, capacity 28468K, committed 28928K, reserved 1075200K
  class space    used 3187K, capacity 3288K, committed 3328K, reserved 1048576K
Event: 55.960 GC heap after
Heap after GC invocations=34 (full 2):
 PSYoungGen      total 957952K, used 64K [0x000000076b180000, 0x00000007aaf00000, 0x00000007c0000000)
  eden space 946176K, 0% used [0x000000076b180000,0x000000076b180000,0x00000007a4d80000)
  from space 11776K, 0% used [0x00000007a5880000,0x00000007a5890000,0x00000007a6400000)
  to   space 11264K, 0% used [0x00000007a4d80000,0x00000007a4d80000,0x00000007a5880000)
 ParOldGen       total 359424K, used 109417K [0x00000006c1400000, 0x00000006d7300000, 0x000000076b180000)
  object space 359424K, 30% used [0x00000006c1400000,0x00000006c7eda678,0x00000006d7300000)
 Metaspace       used 28266K, capacity 28468K, committed 28928K, reserved 1075200K
  class space    used 3187K, capacity 3288K, committed 3328K, reserved 1048576K
}
Event: 56.907 GC heap before
{Heap before GC invocations=35 (full 2):
 PSYoungGen      total 957952K, used 946240K [0x000000076b180000, 0x00000007aaf00000, 0x00000007c0000000)
  eden space 946176K, 100% used [0x000000076b180000,0x00000007a4d80000,0x00000007a4d80000)
  from space 11776K, 0% used [0x00000007a5880000,0x00000007a5890000,0x00000007a6400000)
  to   space 11264K, 0% used [0x00000007a4d80000,0x00000007a4d80000,0x00000007a5880000)
 ParOldGen       total 359424K, used 109417K [0x00000006c1400000, 0x00000006d7300000, 0x000000076b180000)
  object space 359424K, 30% used [0x00000006c1400000,0x00000006c7eda678,0x00000006d7300000)
 Metaspace       used 28266K, capacity 28468K, committed 28928K, reserved 1075200K
  class space    used 3187K, capacity 3288K, committed 3328K, reserved 1048576K
Event: 56.909 GC heap after
Heap after GC invocations=35 (full 2):
 PSYoungGen      total 957440K, used 64K [0x000000076b180000, 0x00000007af380000, 0x00000007c0000000)
  eden space 946176K, 0% used [0x000000076b180000,0x000000076b180000,0x00000007a4d80000)
  from space 11264K, 0% used [0x00000007a4d80000,0x00000007a4d90000,0x00000007a5880000)
  to   space 11264K, 0% used [0x00000007ae880000,0x00000007ae880000,0x00000007af380000)
 ParOldGen       total 359424K, used 109417K [0x00000006c1400000, 0x00000006d7300000, 0x000000076b180000)
  object space 359424K, 30% used [0x00000006c1400000,0x00000006c7eda678,0x00000006d7300000)
 Metaspace       used 28266K, capacity 28468K, committed 28928K, reserved 1075200K
  class space    used 3187K, capacity 3288K, committed 3328K, reserved 1048576K
}

