# JRE version: Java(TM) SE Runtime Environment (8.0_73-b02) (build 1.8.0_73-b02)
# Java VM: Java HotSpot(TM) 64-Bit Server VM (25.73-b02 mixed mode windows-amd64 compressed oops)
Heap:
 PSYoungGen      total 738816K, used 276371K [0x000000076b180000, 0x000000079b900000, 0x00000007c0000000)
  eden space 730624K, 37% used [0x000000076b180000,0x000000077be8e7f0,0x0000000797b00000)
  from space 8192K, 10% used [0x0000000798300000,0x00000007983d6460,0x0000000798b00000)
  to   space 8192K, 0% used [0x0000000797b00000,0x0000000797b00000,0x0000000798300000)
 ParOldGen       total 205312K, used 111703K [0x00000006c1400000, 0x00000006cdc80000, 0x000000076b180000)
  object space 205312K, 54% used [0x00000006c1400000,0x00000006c8115d40,0x00000006cdc80000)
 Metaspace       used 27164K, capacity 27382K, committed 27776K, reserved 1073152K
  class space    used 3098K, capacity 3187K, committed 3200K, reserved 1048576K
GC Heap History (10 events):
Event: 16.829 GC heap before
{Heap before GC invocations=19 (full 1):
 PSYoungGen      total 565248K, used 558715K [0x000000076b180000, 0x0000000792780000, 0x00000007c0000000)
  eden space 556032K, 100% used [0x000000076b180000,0x000000078d080000,0x000000078d080000)
  from space 9216K, 29% used [0x000000078d080000,0x000000078d31ecc0,0x000000078d980000)
  to   space 8704K, 0% used [0x0000000791f00000,0x0000000791f00000,0x0000000792780000)
 ParOldGen       total 205312K, used 109090K [0x00000006c1400000, 0x00000006cdc80000, 0x000000076b180000)
  object space 205312K, 53% used [0x00000006c1400000,0x00000006c7e88b50,0x00000006cdc80000)
 Metaspace       used 26287K, capacity 26540K, committed 26752K, reserved 1073152K
  class space    used 3018K, capacity 3148K, committed 3200K, reserved 1048576K
Event: 16.832 GC heap after
Heap after GC invocations=19 (full 1):
 PSYoungGen      total 626176K, used 2635K [0x000000076b180000, 0x0000000792200000, 0x00000007c0000000)
  eden space 623104K, 0% used [0x000000076b180000,0x000000076b180000,0x0000000791200000)
  from space 3072K, 85% used [0x0000000791f00000,0x0000000792192c70,0x0000000792200000)
  to   space 8192K, 0% used [0x0000000791200000,0x0000000791200000,0x0000000791a00000)
 ParOldGen       total 205312K, used 109090K [0x00000006c1400000, 0x00000006cdc80000, 0x000000076b180000)
  object space 205312K, 53% used [0x00000006c1400000,0x00000006c7e88b50,0x00000006cdc80000)
 Metaspace       used 26287K, capacity 26540K, committed 26752K, reserved 1073152K
  class space    used 3018K, capacity 3148K, committed 3200K, reserved 1048576K
}
Event: 18.616 GC heap before
{Heap before GC invocations=20 (full 1):
 PSYoungGen      total 626176K, used 625739K [0x000000076b180000, 0x0000000792200000, 0x00000007c0000000)
  eden space 623104K, 100% used [0x000000076b180000,0x0000000791200000,0x0000000791200000)
  from space 3072K, 85% used [0x0000000791f00000,0x0000000792192c70,0x0000000792200000)
  to   space 8192K, 0% used [0x0000000791200000,0x0000000791200000,0x0000000791a00000)
 ParOldGen       total 205312K, used 109090K [0x00000006c1400000, 0x00000006cdc80000, 0x000000076b180000)
  object space 205312K, 53% used [0x00000006c1400000,0x00000006c7e88b50,0x00000006cdc80000)
 Metaspace       used 26372K, capacity 26668K, committed 27008K, reserved 1073152K
  class space    used 3029K, capacity 3148K, committed 3200K, reserved 1048576K
Event: 18.620 GC heap after
Heap after GC invocations=20 (full 1):
 PSYoungGen      total 631296K, used 448K [0x000000076b180000, 0x0000000796380000, 0x00000007c0000000)
  eden space 623104K, 0% used [0x000000076b180000,0x000000076b180000,0x0000000791200000)
  from space 8192K, 5% used [0x0000000791200000,0x0000000791270000,0x0000000791a00000)
  to   space 8192K, 0% used [0x0000000795b80000,0x0000000795b80000,0x0000000796380000)
 ParOldGen       total 205312K, used 111403K [0x00000006c1400000, 0x00000006cdc80000, 0x000000076b180000)
  object space 205312K, 54% used [0x00000006c1400000,0x00000006c80cad20,0x00000006cdc80000)
 Metaspace       used 26372K, capacity 26668K, committed 27008K, reserved 1073152K
  class space    used 3029K, capacity 3148K, committed 3200K, reserved 1048576K
}
Event: 34.449 GC heap before
{Heap before GC invocations=21 (full 1):
 PSYoungGen      total 631296K, used 623552K [0x000000076b180000, 0x0000000796380000, 0x00000007c0000000)
  eden space 623104K, 100% used [0x000000076b180000,0x0000000791200000,0x0000000791200000)
  from space 8192K, 5% used [0x0000000791200000,0x0000000791270000,0x0000000791a00000)
  to   space 8192K, 0% used [0x0000000795b80000,0x0000000795b80000,0x0000000796380000)
 ParOldGen       total 205312K, used 111403K [0x00000006c1400000, 0x00000006cdc80000, 0x000000076b180000)
  object space 205312K, 54% used [0x00000006c1400000,0x00000006c80cad20,0x00000006cdc80000)
 Metaspace       used 26597K, capacity 26860K, committed 27264K, reserved 1073152K
  class space    used 3052K, capacity 3148K, committed 3200K, reserved 1048576K
Event: 34.451 GC heap after
Heap after GC invocations=21 (full 1):
 PSYoungGen      total 677888K, used 306K [0x000000076b180000, 0x0000000795c00000, 0x00000007c0000000)
  eden space 677376K, 0% used [0x000000076b180000,0x000000076b180000,0x0000000794700000)
  from space 512K, 59% used [0x0000000795b80000,0x0000000795bcc828,0x0000000795c00000)
  to   space 8192K, 0% used [0x0000000794c00000,0x0000000794c00000,0x0000000795400000)
 ParOldGen       total 205312K, used 111671K [0x00000006c1400000, 0x00000006cdc80000, 0x000000076b180000)
  object space 205312K, 54% used [0x00000006c1400000,0x00000006c810dd40,0x00000006cdc80000)
 Metaspace       used 26597K, capacity 26860K, committed 27264K, reserved 1073152K
  class space    used 3052K, capacity 3148K, committed 3200K, reserved 1048576K
}
Event: 35.914 GC heap before
{Heap before GC invocations=22 (full 1):
 PSYoungGen      total 677888K, used 601600K [0x000000076b180000, 0x0000000795c00000, 0x00000007c0000000)
  eden space 677376K, 88% used [0x000000076b180000,0x000000078fcb3b48,0x0000000794700000)
  from space 512K, 59% used [0x0000000795b80000,0x0000000795bcc828,0x0000000795c00000)
  to   space 8192K, 0% used [0x0000000794c00000,0x0000000794c00000,0x0000000795400000)
 ParOldGen       total 205312K, used 111671K [0x00000006c1400000, 0x00000006cdc80000, 0x000000076b180000)
  object space 205312K, 54% used [0x00000006c1400000,0x00000006c810dd40,0x00000006cdc80000)
 Metaspace       used 26761K, capacity 27030K, committed 27264K, reserved 1073152K
  class space    used 3062K, capacity 3155K, committed 3200K, reserved 1048576K
Event: 35.917 GC heap after
Heap after GC invocations=22 (full 1):
 PSYoungGen      total 690688K, used 315K [0x000000076b180000, 0x0000000798b00000, 0x00000007c0000000)
  eden space 682496K, 0% used [0x000000076b180000,0x000000076b180000,0x0000000794c00000)
  from space 8192K, 3% used [0x0000000794c00000,0x0000000794c4ee58,0x0000000795400000)
  to   space 8192K, 0% used [0x0000000798300000,0x0000000798300000,0x0000000798b00000)
 ParOldGen       total 205312K, used 111687K [0x00000006c1400000, 0x00000006cdc80000, 0x000000076b180000)
  object space 205312K, 54% used [0x00000006c1400000,0x00000006c8111d40,0x00000006cdc80000)
 Metaspace       used 26761K, capacity 27030K, committed 27264K, reserved 1073152K
  class space    used 3062K, capacity 3155K, committed 3200K, reserved 1048576K
}
Event: 36.629 GC heap before
{Heap before GC invocations=23 (full 1):
 PSYoungGen      total 690688K, used 587318K [0x000000076b180000, 0x0000000798b00000, 0x00000007c0000000)
  eden space 682496K, 86% used [0x000000076b180000,0x000000078eebe9b0,0x0000000794c00000)
  from space 8192K, 3% used [0x0000000794c00000,0x0000000794c4ee58,0x0000000795400000)
  to   space 8192K, 0% used [0x0000000798300000,0x0000000798300000,0x0000000798b00000)
 ParOldGen       total 205312K, used 111687K [0x00000006c1400000, 0x00000006cdc80000, 0x000000076b180000)
  object space 205312K, 54% used [0x00000006c1400000,0x00000006c8111d40,0x00000006cdc80000)
 Metaspace       used 27164K, capacity 27382K, committed 27776K, reserved 1073152K
  class space    used 3098K, capacity 3187K, committed 3200K, reserved 1048576K
Event: 36.641 GC heap after
Heap after GC invocations=23 (full 1):
 PSYoungGen      total 738816K, used 857K [0x000000076b180000, 0x000000079b900000, 0x00000007c0000000)
  eden space 730624K, 0% used [0x000000076b180000,0x000000076b180000,0x0000000797b00000)
  from space 8192K, 10% used [0x0000000798300000,0x00000007983d6460,0x0000000798b00000)
  to   space 8192K, 0% used [0x0000000797b00000,0x0000000797b00000,0x0000000798300000)
 ParOldGen       total 205312K, used 111703K [0x00000006c1400000, 0x00000006cdc80000, 0x000000076b180000)
  object space 205312K, 54% used [0x00000006c1400000,0x00000006c8115d40,0x00000006cdc80000)
 Metaspace       used 27164K, capacity 27382K, committed 27776K, reserved 1073152K
  class space    used 3098K, capacity 3187K, committed 3200K, reserved 1048576K
}

